# JRE version: OpenJDK Runtime Environment GraalVM CE 22.3.0 (17.0.5+8) (build 17.0.5+8-jvmci-22.3-b08)
# Java VM: OpenJDK 64-Bit Server VM GraalVM CE 22.3.0 (17.0.5+8-jvmci-22.3-b08, mixed mode, sharing, tiered, jvmci, jvmci compiler, compressed oops, compressed class ptrs, parallel gc, linux-amd64)
GC Precious Log:
 CPUs: 8 total, 1 available
 Memory: 1024M
 Large Page Support: Disabled
 NUMA Support: Disabled
 Compressed Oops: Enabled (32-bit)
 Alignments: Space 512K, Generation 512K, Heap 2M
 Heap Min Capacity: 100M
 Heap Initial Capacity: 100M
 Heap Max Capacity: 512M
 Pre-touch: Disabled
 Parallel Workers: 1
Heap:
 PSYoungGen      total 25088K, used 18431K [0x00000000f5580000, 0x00000000f7600000, 0x0000000100000000)
  eden space 18432K, 99% used [0x00000000f5580000,0x00000000f677ff20,0x00000000f6780000)
  from space 6656K, 0% used [0x00000000f6f80000,0x00000000f6f80000,0x00000000f7600000)
  to   space 6656K, 0% used [0x00000000f6780000,0x00000000f6780000,0x00000000f6e00000)
 ParOldGen       total 349696K, used 349695K [0x00000000e0000000, 0x00000000f5580000, 0x00000000f5580000)
  object space 349696K, 99% used [0x00000000e0000000,0x00000000f557ffc8,0x00000000f5580000)
 Metaspace       used 59117K, committed 60224K, reserved 1105920K
  class space    used 5853K, committed 6336K, reserved 1048576K
GC Heap History (20 events):
Event: 364.278 GC heap before
{Heap before GC invocations=310 (full 204):
 PSYoungGen      total 25088K, used 18432K [0x00000000f5580000, 0x00000000f7600000, 0x0000000100000000)
  eden space 18432K, 100% used [0x00000000f5580000,0x00000000f6780000,0x00000000f6780000)
  from space 6656K, 0% used [0x00000000f6f80000,0x00000000f6f80000,0x00000000f7600000)
  to   space 6656K, 0% used [0x00000000f6780000,0x00000000f6780000,0x00000000f6e00000)
 ParOldGen       total 349696K, used 349695K [0x00000000e0000000, 0x00000000f5580000, 0x00000000f5580000)
  object space 349696K, 99% used [0x00000000e0000000,0x00000000f557fff8,0x00000000f5580000)
 Metaspace       used 59117K, committed 60224K, reserved 1105920K
  class space    used 5853K, committed 6336K, reserved 1048576K
}
Event: 365.636 GC heap after
{Heap after GC invocations=310 (full 204):
 PSYoungGen      total 25088K, used 18432K [0x00000000f5580000, 0x00000000f7600000, 0x0000000100000000)
  eden space 18432K, 100% used [0x00000000f5580000,0x00000000f6780000,0x00000000f6780000)
  from space 6656K, 0% used [0x00000000f6780000,0x00000000f6780000,0x00000000f6e00000)
  to   space 6656K, 0% used [0x00000000f6f80000,0x00000000f6f80000,0x00000000f7600000)
 ParOldGen       total 349696K, used 349695K [0x00000000e0000000, 0x00000000f5580000, 0x00000000f5580000)
  object space 349696K, 99% used [0x00000000e0000000,0x00000000f557fff8,0x00000000f5580000)
 Metaspace       used 59117K, committed 60224K, reserved 1105920K
  class space    used 5853K, committed 6336K, reserved 1048576K
}
Event: 365.636 GC heap before
{Heap before GC invocations=311 (full 205):
 PSYoungGen      total 25088K, used 18432K [0x00000000f5580000, 0x00000000f7600000, 0x0000000100000000)
  eden space 18432K, 100% used [0x00000000f5580000,0x00000000f6780000,0x00000000f6780000)
  from space 6656K, 0% used [0x00000000f6780000,0x00000000f6780000,0x00000000f6e00000)
  to   space 6656K, 0% used [0x00000000f6f80000,0x00000000f6f80000,0x00000000f7600000)
 ParOldGen       total 349696K, used 349695K [0x00000000e0000000, 0x00000000f5580000, 0x00000000f5580000)
  object space 349696K, 99% used [0x00000000e0000000,0x00000000f557fff8,0x00000000f5580000)
 Metaspace       used 59117K, committed 60224K, reserved 1105920K
  class space    used 5853K, committed 6336K, reserved 1048576K
}
Event: 366.941 GC heap after
{Heap after GC invocations=311 (full 205):
 PSYoungGen      total 25088K, used 18432K [0x00000000f5580000, 0x00000000f7600000, 0x0000000100000000)
  eden space 18432K, 100% used [0x00000000f5580000,0x00000000f6780000,0x00000000f6780000)
  from space 6656K, 0% used [0x00000000f6f80000,0x00000000f6f80000,0x00000000f7600000)
  to   space 6656K, 0% used [0x00000000f6780000,0x00000000f6780000,0x00000000f6e00000)
 ParOldGen       total 349696K, used 349695K [0x00000000e0000000, 0x00000000f5580000, 0x00000000f5580000)
  object space 349696K, 99% used [0x00000000e0000000,0x00000000f557fff8,0x00000000f5580000)
 Metaspace       used 59117K, committed 60224K, reserved 1105920K
  class space    used 5853K, committed 6336K, reserved 1048576K
}
Event: 366.942 GC heap before
{Heap before GC invocations=312 (full 206):
 PSYoungGen      total 25088K, used 18432K [0x00000000f5580000, 0x00000000f7600000, 0x0000000100000000)
  eden space 18432K, 100% used [0x00000000f5580000,0x00000000f6780000,0x00000000f6780000)
  from space 6656K, 0% used [0x00000000f6f80000,0x00000000f6f80000,0x00000000f7600000)
  to   space 6656K, 0% used [0x00000000f6780000,0x00000000f6780000,0x00000000f6e00000)
 ParOldGen       total 349696K, used 349695K [0x00000000e0000000, 0x00000000f5580000, 0x00000000f5580000)
  object space 349696K, 99% used [0x00000000e0000000,0x00000000f557fff8,0x00000000f5580000)
 Metaspace       used 59117K, committed 60224K, reserved 1105920K
  class space    used 5853K, committed 6336K, reserved 1048576K
}
Event: 368.346 GC heap after
{Heap after GC invocations=312 (full 206):
 PSYoungGen      total 25088K, used 18432K [0x00000000f5580000, 0x00000000f7600000, 0x0000000100000000)
  eden space 18432K, 100% used [0x00000000f5580000,0x00000000f6780000,0x00000000f6780000)
  from space 6656K, 0% used [0x00000000f6780000,0x00000000f6780000,0x00000000f6e00000)
  to   space 6656K, 0% used [0x00000000f6f80000,0x00000000f6f80000,0x00000000f7600000)
 ParOldGen       total 349696K, used 349695K [0x00000000e0000000, 0x00000000f5580000, 0x00000000f5580000)
  object space 349696K, 99% used [0x00000000e0000000,0x00000000f557ffd8,0x00000000f5580000)
 Metaspace       used 59117K, committed 60224K, reserved 1105920K
  class space    used 5853K, committed 6336K, reserved 1048576K
}
Event: 368.346 GC heap before
{Heap before GC invocations=313 (full 207):
 PSYoungGen      total 25088K, used 18432K [0x00000000f5580000, 0x00000000f7600000, 0x0000000100000000)
  eden space 18432K, 100% used [0x00000000f5580000,0x00000000f6780000,0x00000000f6780000)
  from space 6656K, 0% used [0x00000000f6780000,0x00000000f6780000,0x00000000f6e00000)
  to   space 6656K, 0% used [0x00000000f6f80000,0x00000000f6f80000,0x00000000f7600000)
 ParOldGen       total 349696K, used 349695K [0x00000000e0000000, 0x00000000f5580000, 0x00000000f5580000)
  object space 349696K, 99% used [0x00000000e0000000,0x00000000f557ffd8,0x00000000f5580000)
 Metaspace       used 59117K, committed 60224K, reserved 1105920K
  class space    used 5853K, committed 6336K, reserved 1048576K
}
Event: 369.635 GC heap after
{Heap after GC invocations=313 (full 207):
 PSYoungGen      total 25088K, used 18432K [0x00000000f5580000, 0x00000000f7600000, 0x0000000100000000)
  eden space 18432K, 100% used [0x00000000f5580000,0x00000000f6780000,0x00000000f6780000)
  from space 6656K, 0% used [0x00000000f6f80000,0x00000000f6f80000,0x00000000f7600000)
  to   space 6656K, 0% used [0x00000000f6780000,0x00000000f6780000,0x00000000f6e00000)
 ParOldGen       total 349696K, used 349695K [0x00000000e0000000, 0x00000000f5580000, 0x00000000f5580000)
  object space 349696K, 99% used [0x00000000e0000000,0x00000000f557ffd8,0x00000000f5580000)
 Metaspace       used 59117K, committed 60224K, reserved 1105920K
  class space    used 5853K, committed 6336K, reserved 1048576K
}
Event: 369.641 GC heap before
{Heap before GC invocations=314 (full 208):
 PSYoungGen      total 25088K, used 18432K [0x00000000f5580000, 0x00000000f7600000, 0x0000000100000000)
  eden space 18432K, 100% used [0x00000000f5580000,0x00000000f6780000,0x00000000f6780000)
  from space 6656K, 0% used [0x00000000f6f80000,0x00000000f6f80000,0x00000000f7600000)
  to   space 6656K, 0% used [0x00000000f6780000,0x00000000f6780000,0x00000000f6e00000)
 ParOldGen       total 349696K, used 349696K [0x00000000e0000000, 0x00000000f5580000, 0x00000000f5580000)
  object space 349696K, 100% used [0x00000000e0000000,0x00000000f5580000,0x00000000f5580000)
 Metaspace       used 59117K, committed 60224K, reserved 1105920K
  class space    used 5853K, committed 6336K, reserved 1048576K
}
Event: 371.017 GC heap after
{Heap after GC invocations=314 (full 208):
 PSYoungGen      total 25088K, used 18431K [0x00000000f5580000, 0x00000000f7600000, 0x0000000100000000)
  eden space 18432K, 99% used [0x00000000f5580000,0x00000000f677fec8,0x00000000f6780000)
  from space 6656K, 0% used [0x00000000f6780000,0x00000000f6780000,0x00000000f6e00000)
  to   space 6656K, 0% used [0x00000000f6f80000,0x00000000f6f80000,0x00000000f7600000)
 ParOldGen       total 349696K, used 349695K [0x00000000e0000000, 0x00000000f5580000, 0x00000000f5580000)
  object space 349696K, 99% used [0x00000000e0000000,0x00000000f557ffc8,0x00000000f5580000)
 Metaspace       used 59117K, committed 60224K, reserved 1105920K
  class space    used 5853K, committed 6336K, reserved 1048576K
}
Event: 371.018 GC heap before
{Heap before GC invocations=315 (full 209):
 PSYoungGen      total 25088K, used 18431K [0x00000000f5580000, 0x00000000f7600000, 0x0000000100000000)
  eden space 18432K, 99% used [0x00000000f5580000,0x00000000f677fff8,0x00000000f6780000)
  from space 6656K, 0% used [0x00000000f6780000,0x00000000f6780000,0x00000000f6e00000)
  to   space 6656K, 0% used [0x00000000f6f80000,0x00000000f6f80000,0x00000000f7600000)
 ParOldGen       total 349696K, used 349695K [0x00000000e0000000, 0x00000000f5580000, 0x00000000f5580000)
  object space 349696K, 99% used [0x00000000e0000000,0x00000000f557ffc8,0x00000000f5580000)
 Metaspace       used 59117K, committed 60224K, reserved 1105920K
  class space    used 5853K, committed 6336K, reserved 1048576K
}
Event: 372.599 GC heap after
{Heap after GC invocations=315 (full 209):
 PSYoungGen      total 25088K, used 18431K [0x00000000f5580000, 0x00000000f7600000, 0x0000000100000000)
  eden space 18432K, 99% used [0x00000000f5580000,0x00000000f677fec8,0x00000000f6780000)
  from space 6656K, 0% used [0x00000000f6f80000,0x00000000f6f80000,0x00000000f7600000)
  to   space 6656K, 0% used [0x00000000f6780000,0x00000000f6780000,0x00000000f6e00000)
 ParOldGen       total 349696K, used 349695K [0x00000000e0000000, 0x00000000f5580000, 0x00000000f5580000)
  object space 349696K, 99% used [0x00000000e0000000,0x00000000f557ffc8,0x00000000f5580000)
 Metaspace       used 59117K, committed 60224K, reserved 1105920K
  class space    used 5853K, committed 6336K, reserved 1048576K
}
Event: 372.599 GC heap before
{Heap before GC invocations=316 (full 210):
 PSYoungGen      total 25088K, used 18431K [0x00000000f5580000, 0x00000000f7600000, 0x0000000100000000)
  eden space 18432K, 99% used [0x00000000f5580000,0x00000000f677fff8,0x00000000f6780000)
  from space 6656K, 0% used [0x00000000f6f80000,0x00000000f6f80000,0x00000000f7600000)
  to   space 6656K, 0% used [0x00000000f6780000,0x00000000f6780000,0x00000000f6e00000)
 ParOldGen       total 349696K, used 349695K [0x00000000e0000000, 0x00000000f5580000, 0x00000000f5580000)
  object space 349696K, 99% used [0x00000000e0000000,0x00000000f557ffc8,0x00000000f5580000)
 Metaspace       used 59117K, committed 60224K, reserved 1105920K
  class space    used 5853K, committed 6336K, reserved 1048576K
}
Event: 374.145 GC heap after
{Heap after GC invocations=316 (full 210):
 PSYoungGen      total 25088K, used 18431K [0x00000000f5580000, 0x00000000f7600000, 0x0000000100000000)
  eden space 18432K, 99% used [0x00000000f5580000,0x00000000f677fec8,0x00000000f6780000)
  from space 6656K, 0% used [0x00000000f6780000,0x00000000f6780000,0x00000000f6e00000)
  to   space 6656K, 0% used [0x00000000f6f80000,0x00000000f6f80000,0x00000000f7600000)
 ParOldGen       total 349696K, used 349695K [0x00000000e0000000, 0x00000000f5580000, 0x00000000f5580000)
  object space 349696K, 99% used [0x00000000e0000000,0x00000000f557ffc8,0x00000000f5580000)
 Metaspace       used 59117K, committed 60224K, reserved 1105920K
  class space    used 5853K, committed 6336K, reserved 1048576K
}
Event: 374.145 GC heap before
{Heap before GC invocations=317 (full 211):
 PSYoungGen      total 25088K, used 18431K [0x00000000f5580000, 0x00000000f7600000, 0x0000000100000000)
  eden space 18432K, 99% used [0x00000000f5580000,0x00000000f677fff8,0x00000000f6780000)
  from space 6656K, 0% used [0x00000000f6780000,0x00000000f6780000,0x00000000f6e00000)
  to   space 6656K, 0% used [0x00000000f6f80000,0x00000000f6f80000,0x00000000f7600000)
 ParOldGen       total 349696K, used 349695K [0x00000000e0000000, 0x00000000f5580000, 0x00000000f5580000)
  object space 349696K, 99% used [0x00000000e0000000,0x00000000f557ffc8,0x00000000f5580000)
 Metaspace       used 59117K, committed 60224K, reserved 1105920K
  class space    used 5853K, committed 6336K, reserved 1048576K
}
Event: 375.870 GC heap after
{Heap after GC invocations=317 (full 211):
 PSYoungGen      total 25088K, used 18431K [0x00000000f5580000, 0x00000000f7600000, 0x0000000100000000)
  eden space 18432K, 99% used [0x00000000f5580000,0x00000000f677fef8,0x00000000f6780000)
  from space 6656K, 0% used [0x00000000f6f80000,0x00000000f6f80000,0x00000000f7600000)
  to   space 6656K, 0% used [0x00000000f6780000,0x00000000f6780000,0x00000000f6e00000)
 ParOldGen       total 349696K, used 349695K [0x00000000e0000000, 0x00000000f5580000, 0x00000000f5580000)
  object space 349696K, 99% used [0x00000000e0000000,0x00000000f557ffc8,0x00000000f5580000)
 Metaspace       used 59117K, committed 60224K, reserved 1105920K
  class space    used 5853K, committed 6336K, reserved 1048576K
}
Event: 375.870 GC heap before
{Heap before GC invocations=318 (full 212):
 PSYoungGen      total 25088K, used 18431K [0x00000000f5580000, 0x00000000f7600000, 0x0000000100000000)
  eden space 18432K, 99% used [0x00000000f5580000,0x00000000f677ff10,0x00000000f6780000)
  from space 6656K, 0% used [0x00000000f6f80000,0x00000000f6f80000,0x00000000f7600000)
  to   space 6656K, 0% used [0x00000000f6780000,0x00000000f6780000,0x00000000f6e00000)
 ParOldGen       total 349696K, used 349695K [0x00000000e0000000, 0x00000000f5580000, 0x00000000f5580000)
  object space 349696K, 99% used [0x00000000e0000000,0x00000000f557ffc8,0x00000000f5580000)
 Metaspace       used 59117K, committed 60224K, reserved 1105920K
  class space    used 5853K, committed 6336K, reserved 1048576K
}
Event: 377.438 GC heap after
{Heap after GC invocations=318 (full 212):
 PSYoungGen      total 25088K, used 18431K [0x00000000f5580000, 0x00000000f7600000, 0x0000000100000000)
  eden space 18432K, 99% used [0x00000000f5580000,0x00000000f677ff10,0x00000000f6780000)
  from space 6656K, 0% used [0x00000000f6780000,0x00000000f6780000,0x00000000f6e00000)
  to   space 6656K, 0% used [0x00000000f6f80000,0x00000000f6f80000,0x00000000f7600000)
 ParOldGen       total 349696K, used 349695K [0x00000000e0000000, 0x00000000f5580000, 0x00000000f5580000)
  object space 349696K, 99% used [0x00000000e0000000,0x00000000f557ffc8,0x00000000f5580000)
 Metaspace       used 59117K, committed 60224K, reserved 1105920K
  class space    used 5853K, committed 6336K, reserved 1048576K
}
Event: 377.438 GC heap before
{Heap before GC invocations=319 (full 213):
 PSYoungGen      total 25088K, used 18431K [0x00000000f5580000, 0x00000000f7600000, 0x0000000100000000)
  eden space 18432K, 99% used [0x00000000f5580000,0x00000000f677ff10,0x00000000f6780000)
  from space 6656K, 0% used [0x00000000f6780000,0x00000000f6780000,0x00000000f6e00000)
  to   space 6656K, 0% used [0x00000000f6f80000,0x00000000f6f80000,0x00000000f7600000)
 ParOldGen       total 349696K, used 349695K [0x00000000e0000000, 0x00000000f5580000, 0x00000000f5580000)
  object space 349696K, 99% used [0x00000000e0000000,0x00000000f557ffc8,0x00000000f5580000)
 Metaspace       used 59117K, committed 60224K, reserved 1105920K
  class space    used 5853K, committed 6336K, reserved 1048576K
}
Event: 378.775 GC heap after
{Heap after GC invocations=319 (full 213):
 PSYoungGen      total 25088K, used 18431K [0x00000000f5580000, 0x00000000f7600000, 0x0000000100000000)
  eden space 18432K, 99% used [0x00000000f5580000,0x00000000f677ff10,0x00000000f6780000)
  from space 6656K, 0% used [0x00000000f6f80000,0x00000000f6f80000,0x00000000f7600000)
  to   space 6656K, 0% used [0x00000000f6780000,0x00000000f6780000,0x00000000f6e00000)
 ParOldGen       total 349696K, used 349695K [0x00000000e0000000, 0x00000000f5580000, 0x00000000f5580000)
  object space 349696K, 99% used [0x00000000e0000000,0x00000000f557ffc8,0x00000000f5580000)
 Metaspace       used 59117K, committed 60224K, reserved 1105920K
  class space    used 5853K, committed 6336K, reserved 1048576K
}

